<?xml version="1.0" encoding="UTF-8"?>
<testsuite xmlns:xsi="http://www.w3.org/2001/XMLSchema-instance" xsi:noNamespaceSchemaLocation="https://maven.apache.org/surefire/maven-surefire-plugin/xsd/surefire-test-report.xsd" name="ApplicationTests" time="0.606" tests="20" errors="0" skipped="0" failures="0">
  <properties>
[...]
</properties>
  <testcase name="viewAllDetailsGold" classname="ApplicationTests" time="0.089"/>
  <testcase name="addChannelWithoutSubscriptionGold" classname="ApplicationTests" time="0.002"/>
  <testcase name="subscribeEnglishWithoutBalance" classname="ApplicationTests" time="0.001"/>
  <testcase name="subscribeEnglishWithBalance" classname="ApplicationTests" time="0.004"/>
  <testcase name="subscribeCooking" classname="ApplicationTests" time="0.001"/>
  <testcase name="addChannelWithSubscription" classname="ApplicationTests" time="0"/>
  <testcase name="checkInitialBalance" classname="ApplicationTests" time="0.001"/>
  <testcase name="viewAllDetailsSilver" classname="ApplicationTests" time="0.003"/>
  <testcase name="subscribeSilverDiscount" classname="ApplicationTests" time="0.003"/>
  <testcase name="addChannelWithoutSubscriptionSilver" classname="ApplicationTests" time="0.024"/>
  <testcase name="showServices" classname="ApplicationTests" time="0.365"/>
  <testcase name="subscribeGoldValid" classname="ApplicationTests" time="0.033"/>
  <testcase name="rechargeInValid" classname="ApplicationTests" time="0.01"/>
  <testcase name="checkInitialBalanceInvalid" classname="ApplicationTests" time="0.005"/>
  <testcase name="checkUpdate" classname="ApplicationTests" time="0.001"/>
  <testcase name="viewAllDetailsSpecial" classname="ApplicationTests" time="0"/>
  <testcase name="addChannelWithoutSubscription" classname="ApplicationTests" time="0"/>
  <testcase name="subscribeSilverValid" classname="ApplicationTests" time="0.022"/>
  <testcase name="subscribeInValidPack" classname="ApplicationTests" time="0.008"/>
  <testcase name="rechargeValid" classname="ApplicationTests" time="0.019"/>
</testsuite>